<?xml version="1.0" encoding="UTF-8"?>
<testsuites>
	<testsuite tests="1" errors="0" failures="1" time="0.005" timestamp="2016-12-12T15:03:32">
		<testcase classname="suite1" name="should be true" time="0.004">
			<failure type="toBeTruthy" message="Expected false to be truthy.">
stack@file:///C:/Users/rpapadopol/Documents/_Projects/Jenkins/javascript-testing-sample-project/workspace/lib/jasmine.js:1640:37
buildExpectationResult@file:///C:/Users/rpapadopol/Documents/_Projects/Jenkins/javascript-testing-sample-project/workspace/lib/jasmine.js:1610:19
expectationResultFactory@file:///C:/Users/rpapadopol/Documents/_Projects/Jenkins/javascript-testing-sample-project/workspace/lib/jasmine.js:655:40
addExpectationResult@file:///C:/Users/rpapadopol/Documents/_Projects/Jenkins/javascript-testing-sample-project/workspace/lib/jasmine.js:342:58
addExpectationResult@file:///C:/Users/rpapadopol/Documents/_Projects/Jenkins/javascript-testing-sample-project/workspace/lib/jasmine.js:599:41
file:///C:/Users/rpapadopol/Documents/_Projects/Jenkins/javascript-testing-sample-project/workspace/lib/jasmine.js:1564:32
file:///C:/Users/rpapadopol/Documents/_Projects/Jenkins/javascript-testing-sample-project/workspace/spec/MySpec.js:4:29
attemptSync@file:///C:/Users/rpapadopol/Documents/_Projects/Jenkins/javascript-testing-sample-project/workspace/lib/jasmine.js:1950:28
run@file:///C:/Users/rpapadopol/Documents/_Projects/Jenkins/javascript-testing-sample-project/workspace/lib/jasmine.js:1938:20
execute@file:///C:/Users/rpapadopol/Documents/_Projects/Jenkins/javascript-testing-sample-project/workspace/lib/jasmine.js:1923:13
queueRunnerFactory@file:///C:/Users/rpapadopol/Documents/_Projects/Jenkins/javascript-testing-sample-project/workspace/lib/jasmine.js:714:42
execute@file:///C:/Users/rpapadopol/Documents/_Projects/Jenkins/javascript-testing-sample-project/workspace/lib/jasmine.js:371:28
fn@file:///C:/Users/rpapadopol/Documents/_Projects/Jenkins/javascript-testing-sample-project/workspace/lib/jasmine.js:2579:44
attemptAsync@file:///C:/Users/rpapadopol/Documents/_Projects/Jenkins/javascript-testing-sample-project/workspace/lib/jasmine.js:1980:28
run@file:///C:/Users/rpapadopol/Documents/_Projects/Jenkins/javascript-testing-sample-project/workspace/lib/jasmine.js:1935:21
execute@file:///C:/Users/rpapadopol/Documents/_Projects/Jenkins/javascript-testing-sample-project/workspace/lib/jasmine.js:1923:13
queueRunnerFactory@file:///C:/Users/rpapadopol/Documents/_Projects/Jenkins/javascript-testing-sample-project/workspace/lib/jasmine.js:714:42
fn@file:///C:/Users/rpapadopol/Documents/_Projects/Jenkins/javascript-testing-sample-project/workspace/lib/jasmine.js:2564:31
attemptAsync@file:///C:/Users/rpapadopol/Documents/_Projects/Jenkins/javascript-testing-sample-project/workspace/lib/jasmine.js:1980:28
run@file:///C:/Users/rpapadopol/Documents/_Projects/Jenkins/javascript-testing-sample-project/workspace/lib/jasmine.js:1935:21
execute@file:///C:/Users/rpapadopol/Documents/_Projects/Jenkins/javascript-testing-sample-project/workspace/lib/jasmine.js:1923:13
queueRunnerFactory@file:///C:/Users/rpapadopol/Documents/_Projects/Jenkins/javascript-testing-sample-project/workspace/lib/jasmine.js:714:42
execute@file:///C:/Users/rpapadopol/Documents/_Projects/Jenkins/javascript-testing-sample-project/workspace/lib/jasmine.js:2426:25
execute@file:///C:/Users/rpapadopol/Documents/_Projects/Jenkins/javascript-testing-sample-project/workspace/lib/jasmine.js:776:24
onload@file:///C:/Users/rpapadopol/Documents/_Projects/Jenkins/javascript-testing-sample-project/workspace/lib/boot.js:172:16			</failure>
		</testcase>
	</testsuite>
</testsuites>

