<?xml version="1.0" encoding="UTF-8"?>
<testsuites>
	<testsuite tests="1" errors="0" failures="0" time="0.004" timestamp="2016-12-12T15:05:33">
		<testcase classname="suite5" name="should be able to add 1 plus 1" time="0.004">
		</testcase>
	</testsuite>
</testsuites>

